[0.470s] DEBUG:colcon:Command line arguments: ['/usr/bin/colcon', 'build']
[0.470s] DEBUG:colcon:Parsed command line arguments: Namespace(allow_overriding=[], ament_cmake_args=None, base_paths=['.'], build_base='build', catkin_cmake_args=None, catkin_skip_building_tests=False, cmake_args=None, cmake_clean_cache=False, cmake_clean_first=False, cmake_force_configure=False, cmake_target=None, cmake_target_skip_unavailable=False, continue_on_error=False, event_handlers=None, executor='parallel', ignore_user_meta=False, install_base='install', log_base=None, log_level=None, main=<bound method BuildVerb.main of <colcon_core.verb.build.BuildVerb object at 0xffffb811b8e0>>, merge_install=False, metas=['./colcon.meta'], packages_above=None, packages_above_and_dependencies=None, packages_above_depth=None, packages_end=None, packages_ignore=None, packages_ignore_regex=None, packages_select=None, packages_select_build_failed=False, packages_select_by_dep=None, packages_select_regex=None, packages_select_test_failures=False, packages_skip=None, packages_skip_build_finished=False, packages_skip_by_dep=None, packages_skip_regex=None, packages_skip_test_passed=False, packages_skip_up_to=None, packages_start=None, packages_up_to=None, packages_up_to_regex=None, parallel_workers=12, paths=None, symlink_install=False, test_result_base=None, verb_extension=<colcon_core.verb.build.BuildVerb object at 0xffffb811b8e0>, verb_name='build', verb_parser=<colcon_defaults.argument_parser.defaults.DefaultArgumentsDecorator object at 0xffffb807f2e0>)
[0.536s] Level 1:colcon.colcon_core.package_discovery:discover_packages(colcon_meta) check parameters
[0.536s] Level 1:colcon.colcon_core.package_discovery:discover_packages(recursive) check parameters
[0.536s] Level 1:colcon.colcon_core.package_discovery:discover_packages(ignore) check parameters
[0.536s] Level 1:colcon.colcon_core.package_discovery:discover_packages(path) check parameters
[0.536s] Level 1:colcon.colcon_core.package_discovery:discover_packages(colcon_meta) discover
[0.536s] Level 1:colcon.colcon_core.package_discovery:discover_packages(recursive) discover
[0.537s] INFO:colcon.colcon_core.package_discovery:Crawling recursively for packages in '/home/nvidia/BEVfusion/tools/BEV_ws'
[0.537s] Level 1:colcon.colcon_core.package_identification:_identify(.) by extensions ['ignore', 'ignore_ament_install']
[0.537s] Level 1:colcon.colcon_core.package_identification:_identify(.) by extension 'ignore'
[0.537s] Level 1:colcon.colcon_core.package_identification:_identify(.) by extension 'ignore_ament_install'
[0.537s] Level 1:colcon.colcon_core.package_identification:_identify(.) by extensions ['colcon_pkg']
[0.537s] Level 1:colcon.colcon_core.package_identification:_identify(.) by extension 'colcon_pkg'
[0.537s] Level 1:colcon.colcon_core.package_identification:_identify(.) by extensions ['colcon_meta']
[0.537s] Level 1:colcon.colcon_core.package_identification:_identify(.) by extension 'colcon_meta'
[0.537s] Level 1:colcon.colcon_core.package_identification:_identify(.) by extensions ['ros']
[0.537s] Level 1:colcon.colcon_core.package_identification:_identify(.) by extension 'ros'
[0.560s] Level 1:colcon.colcon_core.package_identification:_identify(.) by extensions ['cmake', 'python']
[0.560s] Level 1:colcon.colcon_core.package_identification:_identify(.) by extension 'cmake'
[0.560s] Level 1:colcon.colcon_core.package_identification:_identify(.) by extension 'python'
[0.560s] Level 1:colcon.colcon_core.package_identification:_identify(.) by extensions ['python_setup_py']
[0.560s] Level 1:colcon.colcon_core.package_identification:_identify(.) by extension 'python_setup_py'
[0.561s] Level 1:colcon.colcon_core.package_identification:_identify(build) by extensions ['ignore', 'ignore_ament_install']
[0.561s] Level 1:colcon.colcon_core.package_identification:_identify(build) by extension 'ignore'
[0.561s] Level 1:colcon.colcon_core.package_identification:_identify(build) ignored
[0.561s] Level 1:colcon.colcon_core.package_identification:_identify(install) by extensions ['ignore', 'ignore_ament_install']
[0.561s] Level 1:colcon.colcon_core.package_identification:_identify(install) by extension 'ignore'
[0.561s] Level 1:colcon.colcon_core.package_identification:_identify(install) ignored
[0.562s] Level 1:colcon.colcon_core.package_identification:_identify(log) by extensions ['ignore', 'ignore_ament_install']
[0.562s] Level 1:colcon.colcon_core.package_identification:_identify(log) by extension 'ignore'
[0.562s] Level 1:colcon.colcon_core.package_identification:_identify(log) ignored
[0.562s] Level 1:colcon.colcon_core.package_identification:_identify(src) by extensions ['ignore', 'ignore_ament_install']
[0.562s] Level 1:colcon.colcon_core.package_identification:_identify(src) by extension 'ignore'
[0.562s] Level 1:colcon.colcon_core.package_identification:_identify(src) by extension 'ignore_ament_install'
[0.562s] Level 1:colcon.colcon_core.package_identification:_identify(src) by extensions ['colcon_pkg']
[0.562s] Level 1:colcon.colcon_core.package_identification:_identify(src) by extension 'colcon_pkg'
[0.562s] Level 1:colcon.colcon_core.package_identification:_identify(src) by extensions ['colcon_meta']
[0.563s] Level 1:colcon.colcon_core.package_identification:_identify(src) by extension 'colcon_meta'
[0.563s] Level 1:colcon.colcon_core.package_identification:_identify(src) by extensions ['ros']
[0.563s] Level 1:colcon.colcon_core.package_identification:_identify(src) by extension 'ros'
[0.563s] Level 1:colcon.colcon_core.package_identification:_identify(src) by extensions ['cmake', 'python']
[0.563s] Level 1:colcon.colcon_core.package_identification:_identify(src) by extension 'cmake'
[0.563s] Level 1:colcon.colcon_core.package_identification:_identify(src) by extension 'python'
[0.563s] Level 1:colcon.colcon_core.package_identification:_identify(src) by extensions ['python_setup_py']
[0.563s] Level 1:colcon.colcon_core.package_identification:_identify(src) by extension 'python_setup_py'
[0.563s] Level 1:colcon.colcon_core.package_identification:_identify(src/bev_msgs) by extensions ['ignore', 'ignore_ament_install']
[0.563s] Level 1:colcon.colcon_core.package_identification:_identify(src/bev_msgs) by extension 'ignore'
[0.563s] Level 1:colcon.colcon_core.package_identification:_identify(src/bev_msgs) by extension 'ignore_ament_install'
[0.563s] Level 1:colcon.colcon_core.package_identification:_identify(src/bev_msgs) by extensions ['colcon_pkg']
[0.564s] Level 1:colcon.colcon_core.package_identification:_identify(src/bev_msgs) by extension 'colcon_pkg'
[0.564s] Level 1:colcon.colcon_core.package_identification:_identify(src/bev_msgs) by extensions ['colcon_meta']
[0.564s] Level 1:colcon.colcon_core.package_identification:_identify(src/bev_msgs) by extension 'colcon_meta'
[0.564s] Level 1:colcon.colcon_core.package_identification:_identify(src/bev_msgs) by extensions ['ros']
[0.564s] Level 1:colcon.colcon_core.package_identification:_identify(src/bev_msgs) by extension 'ros'
[0.568s] DEBUG:colcon.colcon_core.package_identification:Package 'src/bev_msgs' with type 'ros.ament_cmake' and name 'bev_msgs'
[0.568s] Level 1:colcon.colcon_core.package_discovery:discover_packages(recursive) using defaults
[0.568s] Level 1:colcon.colcon_core.package_discovery:discover_packages(ignore) discover
[0.568s] Level 1:colcon.colcon_core.package_discovery:discover_packages(ignore) using defaults
[0.568s] Level 1:colcon.colcon_core.package_discovery:discover_packages(path) discover
[0.568s] Level 1:colcon.colcon_core.package_discovery:discover_packages(path) using defaults
[0.605s] Level 1:colcon.colcon_core.package_discovery:discover_packages(prefix_path) check parameters
[0.605s] Level 1:colcon.colcon_core.package_discovery:discover_packages(prefix_path) discover
[0.610s] DEBUG:colcon.colcon_installed_package_information.package_discovery:Found 289 installed packages in /opt/ros/foxy
[0.612s] Level 1:colcon.colcon_core.package_discovery:discover_packages(prefix_path) using defaults
[0.715s] Level 5:colcon.colcon_core.verb:set package 'bev_msgs' build argument 'cmake_args' from command line to 'None'
[0.715s] Level 5:colcon.colcon_core.verb:set package 'bev_msgs' build argument 'cmake_target' from command line to 'None'
[0.715s] Level 5:colcon.colcon_core.verb:set package 'bev_msgs' build argument 'cmake_target_skip_unavailable' from command line to 'False'
[0.715s] Level 5:colcon.colcon_core.verb:set package 'bev_msgs' build argument 'cmake_clean_cache' from command line to 'False'
[0.715s] Level 5:colcon.colcon_core.verb:set package 'bev_msgs' build argument 'cmake_clean_first' from command line to 'False'
[0.716s] Level 5:colcon.colcon_core.verb:set package 'bev_msgs' build argument 'cmake_force_configure' from command line to 'False'
[0.716s] Level 5:colcon.colcon_core.verb:set package 'bev_msgs' build argument 'ament_cmake_args' from command line to 'None'
[0.716s] Level 5:colcon.colcon_core.verb:set package 'bev_msgs' build argument 'catkin_cmake_args' from command line to 'None'
[0.716s] Level 5:colcon.colcon_core.verb:set package 'bev_msgs' build argument 'catkin_skip_building_tests' from command line to 'False'
[0.716s] DEBUG:colcon.colcon_core.verb:Building package 'bev_msgs' with the following arguments: {'ament_cmake_args': None, 'build_base': '/home/nvidia/BEVfusion/tools/BEV_ws/build/bev_msgs', 'catkin_cmake_args': None, 'catkin_skip_building_tests': False, 'cmake_args': None, 'cmake_clean_cache': False, 'cmake_clean_first': False, 'cmake_force_configure': False, 'cmake_target': None, 'cmake_target_skip_unavailable': False, 'install_base': '/home/nvidia/BEVfusion/tools/BEV_ws/install/bev_msgs', 'merge_install': False, 'path': '/home/nvidia/BEVfusion/tools/BEV_ws/src/bev_msgs', 'symlink_install': False, 'test_result_base': None}
[0.717s] INFO:colcon.colcon_core.executor:Executing jobs using 'parallel' executor
[0.723s] DEBUG:colcon.colcon_parallel_executor.executor.parallel:run_until_complete
[0.724s] INFO:colcon.colcon_ros.task.ament_cmake.build:Building ROS package in '/home/nvidia/BEVfusion/tools/BEV_ws/src/bev_msgs' with build type 'ament_cmake'
[0.724s] INFO:colcon.colcon_cmake.task.cmake.build:Building CMake package in '/home/nvidia/BEVfusion/tools/BEV_ws/src/bev_msgs'
[0.731s] INFO:colcon.colcon_core.plugin_system:Skipping extension 'colcon_core.shell.bat': Not used on non-Windows systems
[0.731s] INFO:colcon.colcon_core.shell:Skip shell extension 'powershell' for command environment: Not usable outside of PowerShell
[0.731s] DEBUG:colcon.colcon_core.shell:Skip shell extension 'dsv' for command environment
[0.753s] DEBUG:colcon.colcon_core.event_handler.log_command:Invoking command in '/home/nvidia/BEVfusion/tools/BEV_ws/build/bev_msgs': CMAKE_PREFIX_PATH=/opt/ros/foxy /usr/bin/cmake --build /home/nvidia/BEVfusion/tools/BEV_ws/build/bev_msgs -- -j12 -l12
[1.112s] DEBUG:colcon.colcon_core.event_handler.log_command:Invoked command in '/home/nvidia/BEVfusion/tools/BEV_ws/build/bev_msgs' returned '0': CMAKE_PREFIX_PATH=/opt/ros/foxy /usr/bin/cmake --build /home/nvidia/BEVfusion/tools/BEV_ws/build/bev_msgs -- -j12 -l12
[1.264s] DEBUG:colcon.colcon_core.event_handler.log_command:Invoking command in '/home/nvidia/BEVfusion/tools/BEV_ws/build/bev_msgs': CMAKE_PREFIX_PATH=/opt/ros/foxy /usr/bin/cmake --install /home/nvidia/BEVfusion/tools/BEV_ws/build/bev_msgs
[1.355s] Level 1:colcon.colcon_core.environment:create_environment_scripts_only(bev_msgs)
[1.359s] DEBUG:colcon.colcon_core.event_handler.log_command:Invoked command in '/home/nvidia/BEVfusion/tools/BEV_ws/build/bev_msgs' returned '0': CMAKE_PREFIX_PATH=/opt/ros/foxy /usr/bin/cmake --install /home/nvidia/BEVfusion/tools/BEV_ws/build/bev_msgs
[1.368s] Level 1:colcon.colcon_core.environment:checking '/home/nvidia/BEVfusion/tools/BEV_ws/install/bev_msgs' for CMake module files
[1.369s] Level 1:colcon.colcon_core.environment:checking '/home/nvidia/BEVfusion/tools/BEV_ws/install/bev_msgs' for CMake config files
[1.370s] Level 1:colcon.colcon_core.shell:create_environment_hook('bev_msgs', 'cmake_prefix_path')
[1.373s] INFO:colcon.colcon_core.shell:Creating environment hook '/home/nvidia/BEVfusion/tools/BEV_ws/install/bev_msgs/share/bev_msgs/hook/cmake_prefix_path.ps1'
[1.375s] INFO:colcon.colcon_core.shell:Creating environment descriptor '/home/nvidia/BEVfusion/tools/BEV_ws/install/bev_msgs/share/bev_msgs/hook/cmake_prefix_path.dsv'
[1.375s] INFO:colcon.colcon_core.shell:Creating environment hook '/home/nvidia/BEVfusion/tools/BEV_ws/install/bev_msgs/share/bev_msgs/hook/cmake_prefix_path.sh'
[1.377s] Level 1:colcon.colcon_core.environment:checking '/home/nvidia/BEVfusion/tools/BEV_ws/install/bev_msgs/lib'
[1.377s] Level 1:colcon.colcon_core.shell:create_environment_hook('bev_msgs', 'ld_library_path_lib')
[1.381s] INFO:colcon.colcon_core.shell:Creating environment hook '/home/nvidia/BEVfusion/tools/BEV_ws/install/bev_msgs/share/bev_msgs/hook/ld_library_path_lib.ps1'
[1.382s] INFO:colcon.colcon_core.shell:Creating environment descriptor '/home/nvidia/BEVfusion/tools/BEV_ws/install/bev_msgs/share/bev_msgs/hook/ld_library_path_lib.dsv'
[1.383s] INFO:colcon.colcon_core.shell:Creating environment hook '/home/nvidia/BEVfusion/tools/BEV_ws/install/bev_msgs/share/bev_msgs/hook/ld_library_path_lib.sh'
[1.384s] Level 1:colcon.colcon_core.environment:checking '/home/nvidia/BEVfusion/tools/BEV_ws/install/bev_msgs/bin'
[1.384s] Level 1:colcon.colcon_core.environment:checking '/home/nvidia/BEVfusion/tools/BEV_ws/install/bev_msgs/lib/pkgconfig/bev_msgs.pc'
[1.385s] Level 1:colcon.colcon_core.environment:checking '/home/nvidia/BEVfusion/tools/BEV_ws/install/bev_msgs/lib/python3.8/site-packages'
[1.385s] Level 1:colcon.colcon_core.shell:create_environment_hook('bev_msgs', 'pythonpath')
[1.389s] INFO:colcon.colcon_core.shell:Creating environment hook '/home/nvidia/BEVfusion/tools/BEV_ws/install/bev_msgs/share/bev_msgs/hook/pythonpath.ps1'
[1.390s] INFO:colcon.colcon_core.shell:Creating environment descriptor '/home/nvidia/BEVfusion/tools/BEV_ws/install/bev_msgs/share/bev_msgs/hook/pythonpath.dsv'
[1.391s] INFO:colcon.colcon_core.shell:Creating environment hook '/home/nvidia/BEVfusion/tools/BEV_ws/install/bev_msgs/share/bev_msgs/hook/pythonpath.sh'
[1.392s] Level 1:colcon.colcon_core.environment:checking '/home/nvidia/BEVfusion/tools/BEV_ws/install/bev_msgs/bin'
[1.397s] INFO:colcon.colcon_core.shell:Creating package script '/home/nvidia/BEVfusion/tools/BEV_ws/install/bev_msgs/share/bev_msgs/package.ps1'
[1.399s] INFO:colcon.colcon_core.shell:Creating package descriptor '/home/nvidia/BEVfusion/tools/BEV_ws/install/bev_msgs/share/bev_msgs/package.dsv'
[1.401s] INFO:colcon.colcon_core.shell:Creating package script '/home/nvidia/BEVfusion/tools/BEV_ws/install/bev_msgs/share/bev_msgs/package.sh'
[1.403s] INFO:colcon.colcon_core.shell:Creating package script '/home/nvidia/BEVfusion/tools/BEV_ws/install/bev_msgs/share/bev_msgs/package.bash'
[1.404s] INFO:colcon.colcon_core.shell:Creating package script '/home/nvidia/BEVfusion/tools/BEV_ws/install/bev_msgs/share/bev_msgs/package.zsh'
[1.405s] Level 1:colcon.colcon_core.environment:create_file_with_runtime_dependencies(/home/nvidia/BEVfusion/tools/BEV_ws/install/bev_msgs/share/colcon-core/packages/bev_msgs)
[1.535s] Level 1:colcon.colcon_core.environment:create_environment_scripts_only(bev_msgs)
[1.542s] Level 1:colcon.colcon_core.environment:checking '/home/nvidia/BEVfusion/tools/BEV_ws/install/bev_msgs' for CMake module files
[1.543s] Level 1:colcon.colcon_core.environment:checking '/home/nvidia/BEVfusion/tools/BEV_ws/install/bev_msgs' for CMake config files
[1.544s] Level 1:colcon.colcon_core.shell:create_environment_hook('bev_msgs', 'cmake_prefix_path')
[1.547s] INFO:colcon.colcon_core.shell:Creating environment hook '/home/nvidia/BEVfusion/tools/BEV_ws/install/bev_msgs/share/bev_msgs/hook/cmake_prefix_path.ps1'
[1.548s] INFO:colcon.colcon_core.shell:Creating environment descriptor '/home/nvidia/BEVfusion/tools/BEV_ws/install/bev_msgs/share/bev_msgs/hook/cmake_prefix_path.dsv'
[1.549s] INFO:colcon.colcon_core.shell:Creating environment hook '/home/nvidia/BEVfusion/tools/BEV_ws/install/bev_msgs/share/bev_msgs/hook/cmake_prefix_path.sh'
[1.550s] Level 1:colcon.colcon_core.environment:checking '/home/nvidia/BEVfusion/tools/BEV_ws/install/bev_msgs/lib'
[1.551s] Level 1:colcon.colcon_core.shell:create_environment_hook('bev_msgs', 'ld_library_path_lib')
[1.553s] INFO:colcon.colcon_core.shell:Creating environment hook '/home/nvidia/BEVfusion/tools/BEV_ws/install/bev_msgs/share/bev_msgs/hook/ld_library_path_lib.ps1'
[1.554s] INFO:colcon.colcon_core.shell:Creating environment descriptor '/home/nvidia/BEVfusion/tools/BEV_ws/install/bev_msgs/share/bev_msgs/hook/ld_library_path_lib.dsv'
[1.555s] INFO:colcon.colcon_core.shell:Creating environment hook '/home/nvidia/BEVfusion/tools/BEV_ws/install/bev_msgs/share/bev_msgs/hook/ld_library_path_lib.sh'
[1.556s] Level 1:colcon.colcon_core.environment:checking '/home/nvidia/BEVfusion/tools/BEV_ws/install/bev_msgs/bin'
[1.556s] Level 1:colcon.colcon_core.environment:checking '/home/nvidia/BEVfusion/tools/BEV_ws/install/bev_msgs/lib/pkgconfig/bev_msgs.pc'
[1.556s] Level 1:colcon.colcon_core.environment:checking '/home/nvidia/BEVfusion/tools/BEV_ws/install/bev_msgs/lib/python3.8/site-packages'
[1.556s] Level 1:colcon.colcon_core.shell:create_environment_hook('bev_msgs', 'pythonpath')
[1.559s] INFO:colcon.colcon_core.shell:Creating environment hook '/home/nvidia/BEVfusion/tools/BEV_ws/install/bev_msgs/share/bev_msgs/hook/pythonpath.ps1'
[1.560s] INFO:colcon.colcon_core.shell:Creating environment descriptor '/home/nvidia/BEVfusion/tools/BEV_ws/install/bev_msgs/share/bev_msgs/hook/pythonpath.dsv'
[1.561s] INFO:colcon.colcon_core.shell:Creating environment hook '/home/nvidia/BEVfusion/tools/BEV_ws/install/bev_msgs/share/bev_msgs/hook/pythonpath.sh'
[1.562s] Level 1:colcon.colcon_core.environment:checking '/home/nvidia/BEVfusion/tools/BEV_ws/install/bev_msgs/bin'
[1.567s] INFO:colcon.colcon_core.shell:Creating package script '/home/nvidia/BEVfusion/tools/BEV_ws/install/bev_msgs/share/bev_msgs/package.ps1'
[1.568s] INFO:colcon.colcon_core.shell:Creating package descriptor '/home/nvidia/BEVfusion/tools/BEV_ws/install/bev_msgs/share/bev_msgs/package.dsv'
[1.569s] INFO:colcon.colcon_core.shell:Creating package script '/home/nvidia/BEVfusion/tools/BEV_ws/install/bev_msgs/share/bev_msgs/package.sh'
[1.569s] INFO:colcon.colcon_core.shell:Creating package script '/home/nvidia/BEVfusion/tools/BEV_ws/install/bev_msgs/share/bev_msgs/package.bash'
[1.570s] INFO:colcon.colcon_core.shell:Creating package script '/home/nvidia/BEVfusion/tools/BEV_ws/install/bev_msgs/share/bev_msgs/package.zsh'
[1.570s] Level 1:colcon.colcon_core.environment:create_file_with_runtime_dependencies(/home/nvidia/BEVfusion/tools/BEV_ws/install/bev_msgs/share/colcon-core/packages/bev_msgs)
[1.571s] DEBUG:colcon.colcon_parallel_executor.executor.parallel:closing loop
[1.572s] DEBUG:colcon.colcon_parallel_executor.executor.parallel:loop closed
[1.572s] DEBUG:colcon.colcon_parallel_executor.executor.parallel:run_until_complete finished with '0'
[1.572s] DEBUG:colcon.colcon_core.event_reactor:joining thread
[1.592s] INFO:colcon.colcon_core.plugin_system:Skipping extension 'colcon_notification.desktop_notification.terminal_notifier': Not used on non-Darwin systems
[1.593s] INFO:colcon.colcon_core.plugin_system:Skipping extension 'colcon_notification.desktop_notification.win32': Not used on non-Windows systems
[1.593s] INFO:colcon.colcon_notification.desktop_notification:Sending desktop notification using 'notify2'
[1.651s] DEBUG:colcon.colcon_core.event_reactor:joined thread
[1.655s] INFO:colcon.colcon_core.shell:Creating prefix script '/home/nvidia/BEVfusion/tools/BEV_ws/install/local_setup.ps1'
[1.657s] INFO:colcon.colcon_core.shell:Creating prefix util module '/home/nvidia/BEVfusion/tools/BEV_ws/install/_local_setup_util_ps1.py'
[1.659s] INFO:colcon.colcon_core.shell:Creating prefix chain script '/home/nvidia/BEVfusion/tools/BEV_ws/install/setup.ps1'
[1.661s] INFO:colcon.colcon_core.shell:Creating prefix script '/home/nvidia/BEVfusion/tools/BEV_ws/install/local_setup.sh'
[1.662s] INFO:colcon.colcon_core.shell:Creating prefix util module '/home/nvidia/BEVfusion/tools/BEV_ws/install/_local_setup_util_sh.py'
[1.662s] INFO:colcon.colcon_core.shell:Creating prefix chain script '/home/nvidia/BEVfusion/tools/BEV_ws/install/setup.sh'
[1.665s] INFO:colcon.colcon_core.shell:Creating prefix script '/home/nvidia/BEVfusion/tools/BEV_ws/install/local_setup.bash'
[1.665s] INFO:colcon.colcon_core.shell:Creating prefix chain script '/home/nvidia/BEVfusion/tools/BEV_ws/install/setup.bash'
[1.667s] INFO:colcon.colcon_core.shell:Creating prefix script '/home/nvidia/BEVfusion/tools/BEV_ws/install/local_setup.zsh'
[1.668s] INFO:colcon.colcon_core.shell:Creating prefix chain script '/home/nvidia/BEVfusion/tools/BEV_ws/install/setup.zsh'
